<?xml version="1.0" encoding="UTF-8"?>
<!-- Generated by org.testng.reporters.JUnitReportReporter -->
<testsuite skipped="0" hostname="DESKTOP-QNHHQU3" name="com.project.SuiteA.LoginTest" tests="2" failures="0" timestamp="23 Jan 2020 11:24:18 GMT" time="0.016" errors="0">
  <testcase name="loginTest" time="0.009" classname="com.project.SuiteA.LoginTest"/>
  <testcase name="loginTest" time="0.007" classname="com.project.SuiteA.LoginTest"/>
</testsuite> <!-- com.project.SuiteA.LoginTest -->
