<?xml version="1.0" encoding="UTF-8"?>
<!-- Generated by org.testng.reporters.JUnitReportReporter -->
<testsuite skipped="1" hostname="DESKTOP-QNHHQU3" name="com.project.SuiteA.LoginTest" tests="2" failures="0" timestamp="31 Jan 2020 10:53:58 GMT" time="0.031" errors="0">
  <testcase name="loginTest" time="0.020" classname="com.project.SuiteA.LoginTest"/>
  <testcase name="loginTest" time="0.011" classname="com.project.SuiteA.LoginTest">
    <skipped/>
  </testcase> <!-- loginTest -->
</testsuite> <!-- com.project.SuiteA.LoginTest -->
