<?xml version="1.0" encoding="UTF-8"?>
<!-- Generated by org.testng.reporters.JUnitReportReporter -->
<testsuite skipped="1" hostname="DESKTOP-QNHHQU3"
	name="com.sample.testngsamp.TC003" tests="1" failures="0"
	timestamp="26 Dec 2019 15:40:44 GMT" time="0.000" errors="0">
	<testcase name="amazon" time="0.000"
		classname="com.sample.testngsamp.TC003">
		<skipped />
	</testcase> <!-- amazon -->
</testsuite> <!-- com.sample.testngsamp.TC003 -->
