<?xml version="1.0" encoding="UTF-8"?>
<!-- Generated by org.testng.reporters.JUnitReportReporter -->
<testsuite skipped="0" hostname="DESKTOP-QNHHQU3"
	name="com.sample.testngsamp.NewTest" tests="2" failures="0"
	timestamp="31 Dec 2019 06:34:21 GMT" time="0.063" errors="0">
	<testcase name="f" time="0.063"
		classname="com.sample.testngsamp.NewTest" />
	<testcase name="f" time="0.000"
		classname="com.sample.testngsamp.NewTest" />
</testsuite> <!-- com.sample.testngsamp.NewTest -->
