<?xml version="1.0" encoding="UTF-8"?>
<!-- Generated by org.testng.reporters.JUnitReportReporter -->
<testsuite skipped="0" hostname="DESKTOP-QNHHQU3"
	name="com.sample.testngsamp.TC_003" tests="2" failures="0"
	timestamp="30 Dec 2019 13:27:01 GMT" time="33.555" errors="0">
	<testcase name="f" time="16.235"
		classname="com.sample.testngsamp.TC_003" />
	<testcase name="f" time="17.320"
		classname="com.sample.testngsamp.TC_003" />
</testsuite> <!-- com.sample.testngsamp.TC_003 -->
