<?xml version="1.0" encoding="UTF-8"?>
<!-- Generated by org.testng.reporters.JUnitReportReporter -->
<testsuite skipped="0" hostname="DESKTOP-QNHHQU3"
	name="com.sample.testngsamp.POM002" tests="1" failures="0"
	timestamp="03 Jan 2020 15:06:36 GMT" time="12.183" errors="0">
	<testcase name="f" time="12.183"
		classname="com.sample.testngsamp.POM002" />
</testsuite> <!-- com.sample.testngsamp.POM002 -->
