<?xml version="1.0" encoding="UTF-8"?>
<!-- Generated by org.testng.reporters.JUnitReportReporter -->
<testsuite skipped="0" hostname="DESKTOP-QNHHQU3"
	name="com.sample.testngsamp.TestA" tests="3" failures="0"
	timestamp="30 Dec 2019 13:23:21 GMT" time="0.020" errors="0">
	<testcase name="testA" time="0.012"
		classname="com.sample.testngsamp.TestA" />
	<testcase name="testA" time="0.004"
		classname="com.sample.testngsamp.TestA" />
	<testcase name="testA" time="0.004"
		classname="com.sample.testngsamp.TestA" />
</testsuite> <!-- com.sample.testngsamp.TestA -->
