<?xml version="1.0" encoding="UTF-8"?>
<!-- Generated by org.testng.reporters.JUnitReportReporter -->
<testsuite skipped="0" hostname="DESKTOP-QNHHQU3" name="com.sample.testngsamp.FbColour" tests="1" failures="0" timestamp="12 Jan 2020 08:58:17 GMT" time="0.099" errors="0">
  <testcase name="colourOfButton" time="0.099" classname="com.sample.testngsamp.FbColour"/>
</testsuite> <!-- com.sample.testngsamp.FbColour -->
