<?xml version="1.0" encoding="UTF-8"?>
<!-- Generated by org.testng.reporters.JUnitReportReporter -->
<testsuite skipped="0" hostname="DESKTOP-QNHHQU3" name="com.sample.testngsamp.POM002" tests="1" failures="0" timestamp="10 Jan 2020 11:03:00 GMT" time="15.126" errors="0">
  <testcase name="f" time="15.126" classname="com.sample.testngsamp.POM002"/>
</testsuite> <!-- com.sample.testngsamp.POM002 -->
