<?xml version="1.0" encoding="UTF-8"?>
<!-- Generated by org.testng.reporters.JUnitReportReporter -->
<testsuite skipped="0" hostname="DESKTOP-QNHHQU3" name="com.newproject.selenium.com.newproject.selenium.first.Test3" tests="3" failures="0" timestamp="2019-12-26T13:12:52 IST" time="0.016" errors="0">
  <testcase name="f" time="0.016" classname="com.newproject.selenium.com.newproject.selenium.first.Test3"/>
  <testcase name="z" time="0.000" classname="com.newproject.selenium.com.newproject.selenium.first.Test3"/>
  <testcase name="b" time="0.000" classname="com.newproject.selenium.com.newproject.selenium.first.Test3"/>
</testsuite> <!-- com.newproject.selenium.com.newproject.selenium.first.Test3 -->
